<?xml version="1.0" encoding="UTF-8"?>
<!-- Generated by org.testng.reporters.JUnitReportReporter -->
<testsuite hostname="Huawei-PC" failures="0" tests="1" name="Tests.Test_1" time="4.412" errors="0" timestamp="2023-03-13T16:09:18 EET" skipped="0">
  <testcase classname="Tests.Test_1" name="mainCode" time="4.412"/>
  <system-out/>
</testsuite> <!-- Tests.Test_1 -->
