<?xml version="1.0" encoding="UTF-8"?>
<!-- Generated by org.testng.reporters.JUnitReportReporter -->
<testsuite hostname="Huawei-PC" failures="0" tests="1" name="Tests.Test_1" time="5.551" errors="0" timestamp="2023-03-13T15:58:47 EET" skipped="0">
  <testcase classname="Tests.Test_1" name="mainCode" time="5.551"/>
  <system-out/>
</testsuite> <!-- Tests.Test_1 -->
